2022-07-02 16:11:48,681 INFO [main] [AbstractTestContextBootstrapper.java:305]: Neither @ContextConfiguration nor @ContextHierarchy found for test class [ru.example.auth.AuthApplicationTests], using SpringBootContextLoader
2022-07-02 16:11:48,867 INFO [main] [AbstractContextLoader.java:264]: Could not detect default resource locations for test class [ru.example.auth.AuthApplicationTests]: no resource found for suffixes {-context.xml, Context.groovy}.
2022-07-02 16:11:48,871 INFO [main] [AnnotationConfigContextLoaderUtils.java:83]: Could not detect default configuration classes for test class [ru.example.auth.AuthApplicationTests]: AuthApplicationTests does not declare any static, non-private, non-final, nested classes annotated with @Configuration.
2022-07-02 16:11:49,308 INFO [main] [SpringBootTestContextBootstrapper.java:238]: Found @SpringBootConfiguration ru.example.auth.AuthApplication for test class ru.example.auth.AuthApplicationTests
2022-07-02 16:11:49,682 INFO [main] [AbstractTestContextBootstrapper.java:245]: Loaded default TestExecutionListener class names from location [META-INF/spring.factories]: [org.springframework.boot.test.mock.mockito.MockitoTestExecutionListener, org.springframework.boot.test.mock.mockito.ResetMocksTestExecutionListener, org.springframework.boot.test.autoconfigure.restdocs.RestDocsTestExecutionListener, org.springframework.boot.test.autoconfigure.web.client.MockRestServiceServerResetTestExecutionListener, org.springframework.boot.test.autoconfigure.web.servlet.MockMvcPrintOnlyOnFailureTestExecutionListener, org.springframework.boot.test.autoconfigure.web.servlet.WebDriverTestExecutionListener, org.springframework.boot.test.autoconfigure.webservices.client.MockWebServiceServerTestExecutionListener, org.springframework.test.context.web.ServletTestExecutionListener, org.springframework.test.context.support.DirtiesContextBeforeModesTestExecutionListener, org.springframework.test.context.event.ApplicationEventsTestExecutionListener, org.springframework.test.context.support.DependencyInjectionTestExecutionListener, org.springframework.test.context.support.DirtiesContextTestExecutionListener, org.springframework.test.context.transaction.TransactionalTestExecutionListener, org.springframework.test.context.jdbc.SqlScriptsTestExecutionListener, org.springframework.test.context.event.EventPublishingTestExecutionListener]
2022-07-02 16:11:49,756 INFO [main] [AbstractTestContextBootstrapper.java:174]: Using TestExecutionListeners: [org.springframework.test.context.web.ServletTestExecutionListener@30e92cb9, org.springframework.test.context.support.DirtiesContextBeforeModesTestExecutionListener@7fae4d4a, org.springframework.test.context.event.ApplicationEventsTestExecutionListener@ba1f559, org.springframework.boot.test.mock.mockito.MockitoTestExecutionListener@3f4f9acd, org.springframework.boot.test.autoconfigure.SpringBootDependencyInjectionTestExecutionListener@46baf579, org.springframework.test.context.support.DirtiesContextTestExecutionListener@4bf324f9, org.springframework.test.context.transaction.TransactionalTestExecutionListener@4f7c0be3, org.springframework.test.context.jdbc.SqlScriptsTestExecutionListener@ca66933, org.springframework.test.context.event.EventPublishingTestExecutionListener@1d2644e3, org.springframework.boot.test.mock.mockito.ResetMocksTestExecutionListener@4fa06f52, org.springframework.boot.test.autoconfigure.restdocs.RestDocsTestExecutionListener@602c4656, org.springframework.boot.test.autoconfigure.web.client.MockRestServiceServerResetTestExecutionListener@5ffc5491, org.springframework.boot.test.autoconfigure.web.servlet.MockMvcPrintOnlyOnFailureTestExecutionListener@705202d1, org.springframework.boot.test.autoconfigure.web.servlet.WebDriverTestExecutionListener@3c443976, org.springframework.boot.test.autoconfigure.webservices.client.MockWebServiceServerTestExecutionListener@3e58d65e]
2022-07-02 16:11:50,678 INFO [background-preinit] [Version.java:21]: HV000001: Hibernate Validator 6.1.7.Final
2022-07-02 16:11:50,787 INFO [main] [StartupInfoLogger.java:55]: Starting AuthApplicationTests using Java 11.0.10 on MacBook-Air-Maria.local with PID 96529 (started by masha in /Users/masha/Documents/test_projects/project_animals/auth)
2022-07-02 16:11:50,801 INFO [main] [SpringApplication.java:664]: The following profiles are active: dev
2022-07-02 16:11:50,968 DEBUG [main] [AbstractApplicationContext.java:628]: Refreshing org.springframework.web.context.support.GenericWebApplicationContext@15e0fe05
2022-07-02 16:11:52,484 INFO [main] [RepositoryConfigurationDelegate.java:128]: Bootstrapping Spring Data JPA repositories in DEFAULT mode.
2022-07-02 16:11:52,517 INFO [main] [RepositoryConfigurationDelegate.java:188]: Finished Spring Data repository scanning in 18 ms. Found 0 JPA repository interfaces.
2022-07-02 16:11:54,086 INFO [main] [Slf4jLog.java:37]: Flyway Community Edition 8.5.13 by Redgate
2022-07-02 16:11:54,087 INFO [main] [Slf4jLog.java:37]: See what's new here: https://flywaydb.org/documentation/learnmore/releaseNotes#8.5.13
2022-07-02 16:11:54,088 INFO [main] [Slf4jLog.java:37]: 
2022-07-02 16:11:54,421 INFO [main] [Slf4jLog.java:37]: Database: jdbc:postgresql://localhost:5432/animals_db (PostgreSQL 14.2)
2022-07-02 16:11:54,612 INFO [main] [Slf4jLog.java:37]: Successfully validated 1 migration (execution time 00:00.038s)
2022-07-02 16:11:54,701 INFO [main] [Slf4jLog.java:37]: Creating Schema History table "public"."flyway_schema_history" ...
2022-07-02 16:11:54,861 INFO [main] [Slf4jLog.java:37]: Current version of schema "public": << Empty Schema >>
2022-07-02 16:11:54,861 WARN [main] [Slf4jLog.java:41]: outOfOrder mode is active. Migration of schema "public" may not be reproducible.
2022-07-02 16:11:54,871 INFO [main] [Slf4jLog.java:37]: Migrating schema "public" to version "10 - init"
2022-07-02 16:11:54,949 INFO [main] [Slf4jLog.java:37]: Successfully applied 1 migration to schema "public", now at version v10 (execution time 00:00.093s)
2022-07-02 16:11:55,105 DEBUG [main] [LocalContainerEntityManagerFactoryBean.java:361]: Building JPA container EntityManagerFactory for persistence unit 'default'
2022-07-02 16:11:55,155 INFO [main] [LogHelper.java:31]: HHH000204: Processing PersistenceUnitInfo [name: default]
2022-07-02 16:11:55,277 INFO [main] [Version.java:44]: HHH000412: Hibernate ORM core version 5.4.28.Final
2022-07-02 16:11:55,572 INFO [main] [JavaReflectionManager.java:56]: HCANN000001: Hibernate Commons Annotations {5.1.2.Final}
2022-07-02 16:11:55,797 INFO [main] [HikariDataSource.java:110]: HikariPool-1 - Starting...
2022-07-02 16:11:55,862 INFO [main] [HikariDataSource.java:123]: HikariPool-1 - Start completed.
2022-07-02 16:11:55,898 INFO [main] [Dialect.java:175]: HHH000400: Using dialect: org.hibernate.dialect.PostgreSQL9Dialect
2022-07-02 16:11:56,577 INFO [main] [AbstractEntityManagerFactoryBean.java:437]: Initialized JPA EntityManagerFactory for persistence unit 'default'
2022-07-02 16:11:57,510 DEBUG [main] [AbstractHandlerMethodMapping.java:358]: 6 mappings in 'requestMappingHandlerMapping'
2022-07-02 16:11:58,044 DEBUG [main] [RequestMappingHandlerAdapter.java:625]: ControllerAdvice beans: 0 @ModelAttribute, 0 @InitBinder, 1 RequestBodyAdvice, 1 ResponseBodyAdvice
2022-07-02 16:11:58,138 DEBUG [main] [ExceptionHandlerExceptionResolver.java:307]: ControllerAdvice beans: 0 @ExceptionHandler, 1 ResponseBodyAdvice
2022-07-02 16:11:58,908 INFO [main] [StartupInfoLogger.java:61]: Started AuthApplicationTests in 8.989 seconds (JVM running for 17.601)
2022-07-02 16:11:59,603 DEBUG [SpringContextShutdownHook] [AbstractApplicationContext.java:1048]: Closing org.springframework.web.context.support.GenericWebApplicationContext@15e0fe05, started on Sat Jul 02 16:11:50 MSK 2022
2022-07-02 16:11:59,627 INFO [SpringContextShutdownHook] [AbstractEntityManagerFactoryBean.java:651]: Closing JPA EntityManagerFactory for persistence unit 'default'
2022-07-02 16:11:59,635 INFO [SpringContextShutdownHook] [HikariDataSource.java:350]: HikariPool-1 - Shutdown initiated...
2022-07-02 16:11:59,676 INFO [SpringContextShutdownHook] [HikariDataSource.java:352]: HikariPool-1 - Shutdown completed.
